0 info it worked if it ends with ok
1 verbose cli [ 'c:\\Program Files\\nodejs\\node.exe',
1 verbose cli   'c:\\Program Files\\nodejs\\node_modules\\npm\\bin\\npm-cli.js',
1 verbose cli   'install' ]
2 info using npm@1.4.28
3 info using node@v0.10.32
4 verbose readDependencies using package.json deps
5 verbose install where, deps [ 'c:\\jlouis\\repos\\example_angular\\24_karma',
5 verbose install   [ 'karma',
5 verbose install     'karma-chrome-launcher',
5 verbose install     'karma-jasmine',
5 verbose install     'http-server',
5 verbose install     'bower' ] ]
6 info preinstall test-karma-jlguenego@0.0.0
7 warn package.json karma-chrome-launcher@0.1.5 No README data
8 verbose readDependencies using package.json deps
9 verbose already installed skipping karma@^0.12.16 c:\jlouis\repos\example_angular\24_karma
10 verbose already installed skipping karma-chrome-launcher@^0.1.4 c:\jlouis\repos\example_angular\24_karma
11 verbose already installed skipping karma-jasmine@^0.1.5 c:\jlouis\repos\example_angular\24_karma
12 verbose already installed skipping http-server@^0.6.1 c:\jlouis\repos\example_angular\24_karma
13 verbose already installed skipping bower@^1.3.1 c:\jlouis\repos\example_angular\24_karma
14 silly resolved []
15 info build c:\jlouis\repos\example_angular\24_karma
16 verbose linkStuff [ false, false, false, 'c:\\jlouis\\repos\\example_angular' ]
17 info linkStuff test-karma-jlguenego@0.0.0
18 verbose linkBins test-karma-jlguenego@0.0.0
19 verbose linkMans test-karma-jlguenego@0.0.0
20 verbose rebuildBundles test-karma-jlguenego@0.0.0
21 verbose rebuildBundles [ '.bin',
21 verbose rebuildBundles   'bower',
21 verbose rebuildBundles   'http-server',
21 verbose rebuildBundles   'karma',
21 verbose rebuildBundles   'karma-chrome-launcher',
21 verbose rebuildBundles   'karma-jasmine' ]
22 info install test-karma-jlguenego@0.0.0
23 info postinstall test-karma-jlguenego@0.0.0
24 verbose unsafe-perm in lifecycle true
25 info test-karma-jlguenego@0.0.0 Failed to exec postinstall script
26 error test-karma-jlguenego@0.0.0 postinstall: `bower install`
26 error Exit status 1
27 error Failed at the test-karma-jlguenego@0.0.0 postinstall script.
27 error This is most likely a problem with the test-karma-jlguenego package,
27 error not with npm itself.
27 error Tell the author that this fails on your system:
27 error     bower install
27 error You can get their info via:
27 error     npm owner ls test-karma-jlguenego
27 error There is likely additional logging output above.
28 error System Windows_NT 5.1.2600
29 error command "c:\\Program Files\\nodejs\\node.exe" "c:\\Program Files\\nodejs\\node_modules\\npm\\bin\\npm-cli.js" "install"
30 error cwd c:\jlouis\repos\example_angular\24_karma
31 error node -v v0.10.32
32 error npm -v 1.4.28
33 error code ELIFECYCLE
34 verbose exit [ 1, true ]
